<?xml version="1.0" encoding="UTF-8"?>
<testng-results ignored="0" total="1" passed="1" failed="0" skipped="0">
  <reporter-output>
  </reporter-output>
  <suite started-at="2022-09-18T22:32:32 IST" name="Default suite" finished-at="2022-09-18T22:32:32 IST" duration-ms="87">
    <groups>
    </groups>
    <test started-at="2022-09-18T22:32:32 IST" name="Default test" finished-at="2022-09-18T22:32:32 IST" duration-ms="87">
      <class name="demoTest.SampleTest">
        <test-method signature="sampleDemoTest()[pri:0, instance:demoTest.SampleTest@3246fb96]" started-at="2022-09-18T22:32:32 IST" name="sampleDemoTest" finished-at="2022-09-18T22:32:32 IST" duration-ms="16" status="PASS">
          <reporter-output>
          </reporter-output>
        </test-method> <!-- sampleDemoTest -->
      </class> <!-- demoTest.SampleTest -->
    </test> <!-- Default test -->
  </suite> <!-- Default suite -->
</testng-results>
